

Started GET "/" for ::1 at 2018-12-19 12:17:18 -0500

ActiveRecord::PendingMigrationError (

Migrations are pending. To resolve this issue, run:

	bin/rake db:migrate RAILS_ENV=development

):
  activerecord (4.2.8) lib/active_record/migration.rb:392:in `check_pending!'
  activerecord (4.2.8) lib/active_record/migration.rb:373:in `call'
  actionpack (4.2.8) lib/action_dispatch/middleware/callbacks.rb:29:in `block in call'
  activesupport (4.2.8) lib/active_support/callbacks.rb:88:in `__run_callbacks__'
  activesupport (4.2.8) lib/active_support/callbacks.rb:778:in `_run_call_callbacks'
  activesupport (4.2.8) lib/active_support/callbacks.rb:81:in `run_callbacks'
  actionpack (4.2.8) lib/action_dispatch/middleware/callbacks.rb:27:in `call'
  actionpack (4.2.8) lib/action_dispatch/middleware/reloader.rb:73:in `call'
  actionpack (4.2.8) lib/action_dispatch/middleware/remote_ip.rb:78:in `call'
  actionpack (4.2.8) lib/action_dispatch/middleware/debug_exceptions.rb:17:in `call'
  web-console (2.3.0) lib/web_console/middleware.rb:28:in `block in call'
  web-console (2.3.0) lib/web_console/middleware.rb:18:in `catch'
  web-console (2.3.0) lib/web_console/middleware.rb:18:in `call'
  actionpack (4.2.8) lib/action_dispatch/middleware/show_exceptions.rb:30:in `call'
  railties (4.2.8) lib/rails/rack/logger.rb:38:in `call_app'
  railties (4.2.8) lib/rails/rack/logger.rb:20:in `block in call'
  activesupport (4.2.8) lib/active_support/tagged_logging.rb:68:in `block in tagged'
  activesupport (4.2.8) lib/active_support/tagged_logging.rb:26:in `tagged'
  activesupport (4.2.8) lib/active_support/tagged_logging.rb:68:in `tagged'
  railties (4.2.8) lib/rails/rack/logger.rb:20:in `call'
  actionpack (4.2.8) lib/action_dispatch/middleware/request_id.rb:21:in `call'
  rack (1.6.11) lib/rack/methodoverride.rb:22:in `call'
  rack (1.6.11) lib/rack/runtime.rb:18:in `call'
  activesupport (4.2.8) lib/active_support/cache/strategy/local_cache_middleware.rb:28:in `call'
  rack (1.6.11) lib/rack/lock.rb:17:in `call'
  actionpack (4.2.8) lib/action_dispatch/middleware/static.rb:120:in `call'
  rack (1.6.11) lib/rack/sendfile.rb:113:in `call'
  railties (4.2.8) lib/rails/engine.rb:518:in `call'
  railties (4.2.8) lib/rails/application.rb:165:in `call'
  rack (1.6.11) lib/rack/lock.rb:17:in `call'
  rack (1.6.11) lib/rack/content_length.rb:15:in `call'
  rack (1.6.11) lib/rack/handler/webrick.rb:88:in `service'
  /Users/shmullywolfson/.rvm/rubies/ruby-2.4.1/lib/ruby/2.4.0/webrick/httpserver.rb:140:in `service'
  /Users/shmullywolfson/.rvm/rubies/ruby-2.4.1/lib/ruby/2.4.0/webrick/httpserver.rb:96:in `run'
  /Users/shmullywolfson/.rvm/rubies/ruby-2.4.1/lib/ruby/2.4.0/webrick/server.rb:290:in `block in start_thread'


  Rendered /Users/shmullywolfson/.rvm/gems/ruby-2.4.1/gems/actionpack-4.2.8/lib/action_dispatch/middleware/templates/rescues/_source.erb (3.6ms)
  Rendered /Users/shmullywolfson/.rvm/gems/ruby-2.4.1/gems/actionpack-4.2.8/lib/action_dispatch/middleware/templates/rescues/_trace.html.erb (1.8ms)
  Rendered /Users/shmullywolfson/.rvm/gems/ruby-2.4.1/gems/actionpack-4.2.8/lib/action_dispatch/middleware/templates/rescues/_request_and_response.html.erb (1.1ms)
  Rendered /Users/shmullywolfson/.rvm/gems/ruby-2.4.1/gems/actionpack-4.2.8/lib/action_dispatch/middleware/templates/rescues/diagnostics.html.erb within rescues/layout (126.1ms)
  Rendered /Users/shmullywolfson/.rvm/gems/ruby-2.4.1/gems/web-console-2.3.0/lib/web_console/templates/_markup.html.erb (0.5ms)
  Rendered /Users/shmullywolfson/.rvm/gems/ruby-2.4.1/gems/web-console-2.3.0/lib/web_console/templates/_inner_console_markup.html.erb within layouts/inlined_string (0.4ms)
  Rendered /Users/shmullywolfson/.rvm/gems/ruby-2.4.1/gems/web-console-2.3.0/lib/web_console/templates/_prompt_box_markup.html.erb within layouts/inlined_string (0.6ms)
  Rendered /Users/shmullywolfson/.rvm/gems/ruby-2.4.1/gems/web-console-2.3.0/lib/web_console/templates/style.css.erb within layouts/inlined_string (0.4ms)
  Rendered /Users/shmullywolfson/.rvm/gems/ruby-2.4.1/gems/web-console-2.3.0/lib/web_console/templates/console.js.erb within layouts/javascript (128.4ms)
  Rendered /Users/shmullywolfson/.rvm/gems/ruby-2.4.1/gems/web-console-2.3.0/lib/web_console/templates/main.js.erb within layouts/javascript (0.5ms)
  Rendered /Users/shmullywolfson/.rvm/gems/ruby-2.4.1/gems/web-console-2.3.0/lib/web_console/templates/error_page.js.erb within layouts/javascript (0.5ms)
  Rendered /Users/shmullywolfson/.rvm/gems/ruby-2.4.1/gems/web-console-2.3.0/lib/web_console/templates/index.html.erb (275.4ms)
  [1m[36m (2.7ms)[0m  [1mCREATE TABLE "schema_migrations" ("version" varchar NOT NULL) [0m
  [1m[35m (0.6ms)[0m  select sqlite_version(*)
  [1m[36m (3.1ms)[0m  [1mCREATE UNIQUE INDEX "unique_schema_migrations" ON "schema_migrations" ("version")[0m
  [1m[35mActiveRecord::SchemaMigration Load (0.1ms)[0m  SELECT "schema_migrations".* FROM "schema_migrations"
Migrating to CreateLists (20160310040747)
  [1m[36m (0.1ms)[0m  [1mbegin transaction[0m
  [1m[35m (0.7ms)[0m  CREATE TABLE "lists" ("id" INTEGER PRIMARY KEY AUTOINCREMENT NOT NULL, "name" varchar, "created_at" datetime NOT NULL, "updated_at" datetime NOT NULL) 
  [1m[36mSQL (0.4ms)[0m  [1mINSERT INTO "schema_migrations" ("version") VALUES (?)[0m  [["version", "20160310040747"]]
  [1m[35m (1.5ms)[0m  commit transaction
Migrating to CreateItems (20160311012237)
  [1m[36m (0.1ms)[0m  [1mbegin transaction[0m
  [1m[35m (0.6ms)[0m  CREATE TABLE "items" ("id" INTEGER PRIMARY KEY AUTOINCREMENT NOT NULL, "description" varchar, "list_id" integer, "created_at" datetime NOT NULL, "updated_at" datetime NOT NULL) 
  [1m[36mSQL (0.4ms)[0m  [1mINSERT INTO "schema_migrations" ("version") VALUES (?)[0m  [["version", "20160311012237"]]
  [1m[35m (1.4ms)[0m  commit transaction
Migrating to AddStatusToItems (20160313004948)
  [1m[36m (0.1ms)[0m  [1mbegin transaction[0m
  [1m[35m (1.3ms)[0m  ALTER TABLE "items" ADD "status" integer DEFAULT 0
  [1m[36mSQL (0.3ms)[0m  [1mINSERT INTO "schema_migrations" ("version") VALUES (?)[0m  [["version", "20160313004948"]]
  [1m[35m (1.2ms)[0m  commit transaction
  [1m[36mActiveRecord::SchemaMigration Load (0.2ms)[0m  [1mSELECT "schema_migrations".* FROM "schema_migrations"[0m


Started GET "/" for ::1 at 2018-12-19 12:17:42 -0500
  [1m[36mActiveRecord::SchemaMigration Load (0.1ms)[0m  [1mSELECT "schema_migrations".* FROM "schema_migrations"[0m
Processing by ListsController#index as HTML
  [1m[35mList Load (0.1ms)[0m  SELECT "lists".* FROM "lists"
  Rendered lists/index.html.erb within layouts/application (16.5ms)
Completed 200 OK in 1103ms (Views: 1085.5ms | ActiveRecord: 0.5ms)
  [1m[36mActiveRecord::SchemaMigration Load (0.2ms)[0m  [1mSELECT "schema_migrations".* FROM "schema_migrations"[0m


Started GET "/" for ::1 at 2018-12-19 12:18:06 -0500
Processing by ListsController#index as HTML
  [1m[36mList Load (0.3ms)[0m  [1mSELECT "lists".* FROM "lists"[0m
  Rendered lists/index.html.erb within layouts/application (2.5ms)
Completed 200 OK in 20ms (Views: 18.9ms | ActiveRecord: 0.3ms)


Started POST "/lists" for ::1 at 2018-12-19 12:18:13 -0500
Processing by ListsController#create as HTML
  Parameters: {"utf8"=>"✓", "authenticity_token"=>"6bjMGJQ7KcYyhSJ1hZDaZv7g+cVC5p4WhBGs9mRIsabycUt13+Q/B8hisZg5X+rO1rBhop/GzWCp0vwcr/XYfg==", "list"=>{"name"=>"Shopping List"}, "commit"=>"Create List"}
  [1m[35m (0.1ms)[0m  begin transaction
  [1m[36mSQL (0.9ms)[0m  [1mINSERT INTO "lists" ("name", "created_at", "updated_at") VALUES (?, ?, ?)[0m  [["name", "Shopping List"], ["created_at", "2018-12-19 17:18:13.324845"], ["updated_at", "2018-12-19 17:18:13.324845"]]
  [1m[35m (0.9ms)[0m  commit transaction
Redirected to http://localhost:3000/lists/1
Completed 302 Found in 6ms (ActiveRecord: 1.9ms)


Started GET "/lists/1" for ::1 at 2018-12-19 12:18:13 -0500
Processing by ListsController#show as HTML
  Parameters: {"id"=>"1"}
  [1m[36mList Load (0.3ms)[0m  [1mSELECT  "lists".* FROM "lists" WHERE "lists"."id" = ? LIMIT 1[0m  [["id", 1]]
  [1m[35mItem Load (0.2ms)[0m  SELECT "items".* FROM "items" WHERE "items"."list_id" = ?  [["list_id", 1]]
  Rendered items/_item_li.html.erb (0.0ms)
  Rendered lists/show.html.erb within layouts/application (27.1ms)
Completed 200 OK in 64ms (Views: 45.7ms | ActiveRecord: 0.7ms)


Started POST "/lists/1/items" for ::1 at 2018-12-19 12:18:17 -0500
Processing by ItemsController#create as HTML
  Parameters: {"utf8"=>"✓", "authenticity_token"=>"VO7A8+Kg1fEAgjpby4uRqhRhuJ2d84+0b6rDE0cUeRlPJ0eeqX/DMPplqbZ3RKECPDEg+kDT3MJCaZP5jKkQwQ==", "item"=>{"description"=>"Milk"}, "commit"=>"Create Item", "list_id"=>"1"}
  [1m[36mList Load (0.1ms)[0m  [1mSELECT  "lists".* FROM "lists" WHERE "lists"."id" = ? LIMIT 1[0m  [["id", 1]]
  [1m[35m (0.1ms)[0m  begin transaction
  [1m[36mSQL (0.4ms)[0m  [1mINSERT INTO "items" ("description", "list_id", "created_at", "updated_at") VALUES (?, ?, ?, ?)[0m  [["description", "Milk"], ["list_id", 1], ["created_at", "2018-12-19 17:18:17.453140"], ["updated_at", "2018-12-19 17:18:17.453140"]]
  [1m[35m (0.7ms)[0m  commit transaction
Redirected to http://localhost:3000/lists/1
Completed 302 Found in 9ms (ActiveRecord: 1.3ms)


Started GET "/lists/1" for ::1 at 2018-12-19 12:18:17 -0500
Processing by ListsController#show as HTML
  Parameters: {"id"=>"1"}
  [1m[36mList Load (0.1ms)[0m  [1mSELECT  "lists".* FROM "lists" WHERE "lists"."id" = ? LIMIT 1[0m  [["id", 1]]
  [1m[35mItem Load (0.1ms)[0m  SELECT "items".* FROM "items" WHERE "items"."list_id" = ?  [["list_id", 1]]
  Rendered items/_item_li.html.erb (3.8ms)
  Rendered lists/show.html.erb within layouts/application (7.9ms)
Completed 200 OK in 25ms (Views: 23.8ms | ActiveRecord: 0.2ms)


Started POST "/lists/1/items" for ::1 at 2018-12-19 12:18:21 -0500
Processing by ItemsController#create as HTML
  Parameters: {"utf8"=>"✓", "authenticity_token"=>"+E7TvdOfJP5pE6tvApFY9fg7kSL//Cfhci8GIsK9iqTjh1TQmEAyP5P0OIK+Xmhd0GsJRSLcdJdf7FbICQDjfA==", "item"=>{"description"=>"Cholent"}, "commit"=>"Create Item", "list_id"=>"1"}
  [1m[36mList Load (0.1ms)[0m  [1mSELECT  "lists".* FROM "lists" WHERE "lists"."id" = ? LIMIT 1[0m  [["id", 1]]
  [1m[35m (0.0ms)[0m  begin transaction
  [1m[36mSQL (0.3ms)[0m  [1mINSERT INTO "items" ("description", "list_id", "created_at", "updated_at") VALUES (?, ?, ?, ?)[0m  [["description", "Cholent"], ["list_id", 1], ["created_at", "2018-12-19 17:18:21.237833"], ["updated_at", "2018-12-19 17:18:21.237833"]]
  [1m[35m (0.7ms)[0m  commit transaction
Redirected to http://localhost:3000/lists/1
Completed 302 Found in 4ms (ActiveRecord: 1.2ms)


Started GET "/lists/1" for ::1 at 2018-12-19 12:18:21 -0500
Processing by ListsController#show as HTML
  Parameters: {"id"=>"1"}
  [1m[36mList Load (0.1ms)[0m  [1mSELECT  "lists".* FROM "lists" WHERE "lists"."id" = ? LIMIT 1[0m  [["id", 1]]
  [1m[35mItem Load (0.2ms)[0m  SELECT "items".* FROM "items" WHERE "items"."list_id" = ?  [["list_id", 1]]
  Rendered items/_item_li.html.erb (1.4ms)
  Rendered lists/show.html.erb within layouts/application (6.6ms)
Completed 200 OK in 24ms (Views: 22.6ms | ActiveRecord: 0.3ms)


Started PATCH "/lists/1/items/1" for ::1 at 2018-12-19 12:18:32 -0500
Processing by ItemsController#update as HTML
  Parameters: {"utf8"=>"✓", "authenticity_token"=>"uGuyrUgTnjyAk6RNwALi4DyA40G5Jsod19xKWTKMHBujojXAA8yI/Xp0N6B8zdJIFNB7JmQGmWv6Hxqz+TF1ww==", "item"=>{"status"=>"1"}, "list_id"=>"1", "id"=>"1"}
  [1m[36mItem Load (0.2ms)[0m  [1mSELECT  "items".* FROM "items" WHERE "items"."id" = ? LIMIT 1[0m  [["id", 1]]
  [1m[35m (0.0ms)[0m  begin transaction
  [1m[36mSQL (0.4ms)[0m  [1mUPDATE "items" SET "status" = ?, "updated_at" = ? WHERE "items"."id" = ?[0m  [["status", 1], ["updated_at", "2018-12-19 17:18:32.666485"], ["id", 1]]
  [1m[35m (0.7ms)[0m  commit transaction
  [1m[36mList Load (0.2ms)[0m  [1mSELECT  "lists".* FROM "lists" WHERE "lists"."id" = ? LIMIT 1[0m  [["id", 1]]
Redirected to http://localhost:3000/lists/1
Completed 302 Found in 7ms (ActiveRecord: 1.5ms)


Started GET "/lists/1" for ::1 at 2018-12-19 12:18:32 -0500
Processing by ListsController#show as HTML
  Parameters: {"id"=>"1"}
  [1m[35mList Load (0.1ms)[0m  SELECT  "lists".* FROM "lists" WHERE "lists"."id" = ? LIMIT 1  [["id", 1]]
  [1m[36mItem Load (0.1ms)[0m  [1mSELECT "items".* FROM "items" WHERE "items"."list_id" = ?[0m  [["list_id", 1]]
  Rendered items/_item_li.html.erb (1.0ms)
  Rendered lists/show.html.erb within layouts/application (6.6ms)
Completed 200 OK in 24ms (Views: 23.0ms | ActiveRecord: 0.2ms)


Started POST "/lists/1/items" for ::1 at 2018-12-19 12:24:53 -0500
Processing by ItemsController#create as HTML
  Parameters: {"utf8"=>"✓", "authenticity_token"=>"0yy81jBRmAJu+i1cIyRFSqXY2vL/9M00Dwmmv82WKq/I5Tu7e46Ow5QdvrGf63XijYhClSLUnkIiyvZVBitDdw==", "item"=>{"description"=>"Converse Sneakers"}, "commit"=>"Create Item", "list_id"=>"1"}
  [1m[35mList Load (0.1ms)[0m  SELECT  "lists".* FROM "lists" WHERE "lists"."id" = ? LIMIT 1  [["id", 1]]
  [1m[36m (0.1ms)[0m  [1mbegin transaction[0m
  [1m[35mSQL (0.5ms)[0m  INSERT INTO "items" ("description", "list_id", "created_at", "updated_at") VALUES (?, ?, ?, ?)  [["description", "Converse Sneakers"], ["list_id", 1], ["created_at", "2018-12-19 17:24:53.237248"], ["updated_at", "2018-12-19 17:24:53.237248"]]
  [1m[36m (1.0ms)[0m  [1mcommit transaction[0m
Redirected to http://localhost:3000/lists/1
Completed 302 Found in 6ms (ActiveRecord: 1.7ms)


Started GET "/lists/1" for ::1 at 2018-12-19 12:24:53 -0500
Processing by ListsController#show as HTML
  Parameters: {"id"=>"1"}
  [1m[35mList Load (0.1ms)[0m  SELECT  "lists".* FROM "lists" WHERE "lists"."id" = ? LIMIT 1  [["id", 1]]
  [1m[36mItem Load (0.1ms)[0m  [1mSELECT "items".* FROM "items" WHERE "items"."list_id" = ?[0m  [["list_id", 1]]
  Rendered items/_item_li.html.erb (1.3ms)
  Rendered lists/show.html.erb within layouts/application (4.8ms)
Completed 200 OK in 19ms (Views: 18.2ms | ActiveRecord: 0.2ms)
